[debug] [2026-04-12T21:19:36.932Z] ----------------------------------------------------------------------
[debug] [2026-04-12T21:19:36.934Z] Command:       C:\Program Files\nodejs\node.exe C:\Users\etigr\AppData\Roaming\npm\node_modules\firebase-tools\lib\bin\firebase.js deploy --only functions
[debug] [2026-04-12T21:19:36.934Z] CLI Version:   15.14.0
[debug] [2026-04-12T21:19:36.934Z] Platform:      win32
[debug] [2026-04-12T21:19:36.934Z] Node Version:  v24.14.1
[debug] [2026-04-12T21:19:36.934Z] Time:          Sun Apr 12 2026 18:19:36 GMT-0300 (Paraguay Standard Time)
[debug] [2026-04-12T21:19:36.935Z] ----------------------------------------------------------------------
[debug] 
[debug] [2026-04-12T21:19:37.852Z] > command requires scopes: ["email","openid","https://www.googleapis.com/auth/cloudplatformprojects.readonly","https://www.googleapis.com/auth/firebase","https://www.googleapis.com/auth/cloud-platform"]
[debug] [2026-04-12T21:19:37.852Z] > authorizing via signed-in user (etigrafimprenta@gmail.com)
[debug] [2026-04-12T21:19:37.852Z] [iam] checking project samy-fidabel for permissions ["cloudfunctions.functions.create","cloudfunctions.functions.delete","cloudfunctions.functions.get","cloudfunctions.functions.list","cloudfunctions.functions.update","cloudfunctions.operations.get","firebase.projects.get"]
[debug] [2026-04-12T21:19:37.853Z] Checked if tokens are valid: true, expires at: 1776031277227
[debug] [2026-04-12T21:19:37.853Z] Checked if tokens are valid: true, expires at: 1776031277227
[debug] [2026-04-12T21:19:37.854Z] >>> [apiv2][query] POST https://cloudresourcemanager.googleapis.com/v1/projects/samy-fidabel:testIamPermissions [none]
[debug] [2026-04-12T21:19:37.854Z] >>> [apiv2][(partial)header] POST https://cloudresourcemanager.googleapis.com/v1/projects/samy-fidabel:testIamPermissions  x-goog-user-project=samy-fidabel
[debug] [2026-04-12T21:19:37.854Z] >>> [apiv2][body] POST https://cloudresourcemanager.googleapis.com/v1/projects/samy-fidabel:testIamPermissions {"permissions":["cloudfunctions.functions.create","cloudfunctions.functions.delete","cloudfunctions.functions.get","cloudfunctions.functions.list","cloudfunctions.functions.update","cloudfunctions.operations.get","firebase.projects.get"]}
[debug] [2026-04-12T21:19:38.808Z] <<< [apiv2][status] POST https://cloudresourcemanager.googleapis.com/v1/projects/samy-fidabel:testIamPermissions 200
[debug] [2026-04-12T21:19:38.808Z] <<< [apiv2][body] POST https://cloudresourcemanager.googleapis.com/v1/projects/samy-fidabel:testIamPermissions {"permissions":["cloudfunctions.functions.create","cloudfunctions.functions.delete","cloudfunctions.functions.get","cloudfunctions.functions.list","cloudfunctions.functions.update","cloudfunctions.operations.get","firebase.projects.get"]}
[debug] [2026-04-12T21:19:38.809Z] Checked if tokens are valid: true, expires at: 1776031277227
[debug] [2026-04-12T21:19:38.809Z] Checked if tokens are valid: true, expires at: 1776031277227
[debug] [2026-04-12T21:19:38.809Z] >>> [apiv2][query] POST https://iam.googleapis.com/v1/projects/samy-fidabel/serviceAccounts/samy-fidabel@appspot.gserviceaccount.com:testIamPermissions [none]
[debug] [2026-04-12T21:19:38.809Z] >>> [apiv2][body] POST https://iam.googleapis.com/v1/projects/samy-fidabel/serviceAccounts/samy-fidabel@appspot.gserviceaccount.com:testIamPermissions {"permissions":["iam.serviceAccounts.actAs"]}
[debug] [2026-04-12T21:19:39.752Z] <<< [apiv2][status] POST https://iam.googleapis.com/v1/projects/samy-fidabel/serviceAccounts/samy-fidabel@appspot.gserviceaccount.com:testIamPermissions 200
[debug] [2026-04-12T21:19:39.752Z] <<< [apiv2][body] POST https://iam.googleapis.com/v1/projects/samy-fidabel/serviceAccounts/samy-fidabel@appspot.gserviceaccount.com:testIamPermissions {"permissions":["iam.serviceAccounts.actAs"]}
[info] 
[info] === Deploying to 'samy-fidabel'...
[info] 
[info] i  deploying functions 
[info] Running command: npm --prefix "$RESOURCE_DIR" run build
[info] +  functions: Finished running predeploy script. 
[debug] [2026-04-12T21:19:44.737Z] Checked if tokens are valid: true, expires at: 1776031277227
[debug] [2026-04-12T21:19:44.737Z] Checked if tokens are valid: true, expires at: 1776031277227
[debug] [2026-04-12T21:19:44.737Z] >>> [apiv2][query] GET https://serviceusage.googleapis.com/v1/projects/samy-fidabel/services/cloudresourcemanager.googleapis.com [none]
[debug] [2026-04-12T21:19:44.737Z] >>> [apiv2][(partial)header] GET https://serviceusage.googleapis.com/v1/projects/samy-fidabel/services/cloudresourcemanager.googleapis.com  x-goog-user-project=samy-fidabel
[debug] [2026-04-12T21:19:45.875Z] <<< [apiv2][status] GET https://serviceusage.googleapis.com/v1/projects/samy-fidabel/services/cloudresourcemanager.googleapis.com 200
[debug] [2026-04-12T21:19:45.875Z] <<< [apiv2][body] GET https://serviceusage.googleapis.com/v1/projects/samy-fidabel/services/cloudresourcemanager.googleapis.com [omitted]
[debug] [2026-04-12T21:19:45.880Z] Checked if tokens are valid: true, expires at: 1776031277227
[debug] [2026-04-12T21:19:45.880Z] Checked if tokens are valid: true, expires at: 1776031277227
[debug] [2026-04-12T21:19:45.880Z] >>> [apiv2][query] GET https://cloudresourcemanager.googleapis.com/v1/projects/samy-fidabel [none]
[debug] [2026-04-12T21:19:46.799Z] <<< [apiv2][status] GET https://cloudresourcemanager.googleapis.com/v1/projects/samy-fidabel 200
[debug] [2026-04-12T21:19:46.799Z] <<< [apiv2][body] GET https://cloudresourcemanager.googleapis.com/v1/projects/samy-fidabel {"projectNumber":"184842107847","projectId":"samy-fidabel","lifecycleState":"ACTIVE","name":"samy-fidabel","labels":{"firebase":"enabled","firebase-core":"disabled"},"createTime":"2026-04-11T01:47:01.455Z"}
[info] i  functions: preparing codebase default for deployment 
[info] i  functions: ensuring required API cloudfunctions.googleapis.com is enabled... 
[info] i  functions: ensuring required API cloudbuild.googleapis.com is enabled... 
[debug] [2026-04-12T21:19:46.802Z] Checked if tokens are valid: true, expires at: 1776031277227
[debug] [2026-04-12T21:19:46.802Z] Checked if tokens are valid: true, expires at: 1776031277227
[info] i  artifactregistry: ensuring required API artifactregistry.googleapis.com is enabled... 
[debug] [2026-04-12T21:19:46.802Z] Checked if tokens are valid: true, expires at: 1776031277227
[debug] [2026-04-12T21:19:46.802Z] Checked if tokens are valid: true, expires at: 1776031277227
[debug] [2026-04-12T21:19:46.802Z] >>> [apiv2][query] GET https://serviceusage.googleapis.com/v1/projects/samy-fidabel/services/cloudbuild.googleapis.com [none]
[debug] [2026-04-12T21:19:46.802Z] >>> [apiv2][(partial)header] GET https://serviceusage.googleapis.com/v1/projects/samy-fidabel/services/cloudbuild.googleapis.com  x-goog-user-project=samy-fidabel
[debug] [2026-04-12T21:19:46.803Z] >>> [apiv2][query] GET https://serviceusage.googleapis.com/v1/projects/samy-fidabel/services/artifactregistry.googleapis.com [none]
[debug] [2026-04-12T21:19:46.803Z] >>> [apiv2][(partial)header] GET https://serviceusage.googleapis.com/v1/projects/samy-fidabel/services/artifactregistry.googleapis.com  x-goog-user-project=samy-fidabel
[debug] [2026-04-12T21:19:47.809Z] <<< [apiv2][status] GET https://serviceusage.googleapis.com/v1/projects/samy-fidabel/services/cloudbuild.googleapis.com 200
[debug] [2026-04-12T21:19:47.809Z] <<< [apiv2][body] GET https://serviceusage.googleapis.com/v1/projects/samy-fidabel/services/cloudbuild.googleapis.com [omitted]
[warn] !  functions: missing required API cloudbuild.googleapis.com. Enabling now... 
[debug] [2026-04-12T21:19:47.810Z] Checked if tokens are valid: true, expires at: 1776031277227
[debug] [2026-04-12T21:19:47.810Z] Checked if tokens are valid: true, expires at: 1776031277227
[debug] [2026-04-12T21:19:47.810Z] >>> [apiv2][query] POST https://serviceusage.googleapis.com/v1/projects/samy-fidabel/services/cloudbuild.googleapis.com:enable [none]
[debug] [2026-04-12T21:19:47.811Z] >>> [apiv2][(partial)header] POST https://serviceusage.googleapis.com/v1/projects/samy-fidabel/services/cloudbuild.googleapis.com:enable  x-goog-user-project=samy-fidabel
[debug] [2026-04-12T21:19:47.869Z] <<< [apiv2][status] GET https://serviceusage.googleapis.com/v1/projects/samy-fidabel/services/artifactregistry.googleapis.com 200
[debug] [2026-04-12T21:19:47.869Z] <<< [apiv2][body] GET https://serviceusage.googleapis.com/v1/projects/samy-fidabel/services/artifactregistry.googleapis.com [omitted]
[warn] !  artifactregistry: missing required API artifactregistry.googleapis.com. Enabling now... 
[debug] [2026-04-12T21:19:47.869Z] Checked if tokens are valid: true, expires at: 1776031277227
[debug] [2026-04-12T21:19:47.869Z] Checked if tokens are valid: true, expires at: 1776031277227
[debug] [2026-04-12T21:19:47.870Z] >>> [apiv2][query] POST https://serviceusage.googleapis.com/v1/projects/samy-fidabel/services/artifactregistry.googleapis.com:enable [none]
[debug] [2026-04-12T21:19:47.870Z] >>> [apiv2][(partial)header] POST https://serviceusage.googleapis.com/v1/projects/samy-fidabel/services/artifactregistry.googleapis.com:enable  x-goog-user-project=samy-fidabel
[debug] [2026-04-12T21:19:48.585Z] <<< [apiv2][status] POST https://serviceusage.googleapis.com/v1/projects/samy-fidabel/services/cloudbuild.googleapis.com:enable 200
[debug] [2026-04-12T21:19:48.585Z] <<< [apiv2][body] POST https://serviceusage.googleapis.com/v1/projects/samy-fidabel/services/cloudbuild.googleapis.com:enable [omitted]
[debug] [2026-04-12T21:19:49.161Z] <<< [apiv2][status] POST https://serviceusage.googleapis.com/v1/projects/samy-fidabel/services/artifactregistry.googleapis.com:enable 200
[debug] [2026-04-12T21:19:49.161Z] <<< [apiv2][body] POST https://serviceusage.googleapis.com/v1/projects/samy-fidabel/services/artifactregistry.googleapis.com:enable [omitted]
[debug] [2026-04-12T21:19:59.175Z] Checked if tokens are valid: true, expires at: 1776031277227
[debug] [2026-04-12T21:19:59.175Z] Checked if tokens are valid: true, expires at: 1776031277227
[debug] [2026-04-12T21:19:59.175Z] >>> [apiv2][query] GET https://firebase.googleapis.com/v1beta1/projects/samy-fidabel/adminSdkConfig [none]
[debug] [2026-04-12T21:19:59.621Z] <<< [apiv2][status] GET https://firebase.googleapis.com/v1beta1/projects/samy-fidabel/adminSdkConfig 200
[debug] [2026-04-12T21:19:59.621Z] <<< [apiv2][body] GET https://firebase.googleapis.com/v1beta1/projects/samy-fidabel/adminSdkConfig {"projectId":"samy-fidabel","storageBucket":"samy-fidabel.firebasestorage.app"}
[debug] [2026-04-12T21:19:59.623Z] Validating nodejs source
[debug] [2026-04-12T21:20:01.683Z] > [functions] package.json contents: {
  "name": "functions",
  "scripts": {
    "build": "tsc",
    "build:watch": "tsc --watch",
    "serve": "npm run build && firebase emulators:start --only functions",
    "shell": "npm run build && firebase functions:shell",
    "start": "npm run shell",
    "deploy": "firebase deploy --only functions",
    "logs": "firebase functions:log"
  },
  "engines": {
    "node": "24"
  },
  "main": "lib/index.js",
  "dependencies": {
    "firebase-admin": "^13.6.0",
    "firebase-functions": "^7.0.0"
  },
  "devDependencies": {
    "typescript": "^6.0.0",
    "firebase-functions-test": "^3.4.1"
  },
  "private": true
}
[debug] [2026-04-12T21:20:01.683Z] Building nodejs source
[info] i  functions: Loading and analyzing source code for codebase default to determine what to deploy 
[debug] [2026-04-12T21:20:01.684Z] Could not find functions.yaml. Must use http discovery
[debug] [2026-04-12T21:20:01.693Z] Found firebase-functions binary at 'C:\Users\etigr\Downloads\samy-app\functions\node_modules\.bin\firebase-functions'
[info] Serving at port 8040

[debug] [2026-04-12T21:20:02.842Z] Got response from /__/functions.yaml {"endpoints":{"crearNuevoUsuario":{"availableMemoryMb":null,"timeoutSeconds":null,"minInstances":null,"maxInstances":null,"ingressSettings":null,"concurrency":null,"serviceAccountEmail":null,"vpc":null,"platform":"gcfv2","labels":{},"callableTrigger":{},"entryPoint":"crearNuevoUsuario"}},"specVersion":"v1alpha1","requiredAPIs":[],"extensions":{}}
[info] i  extensions: ensuring required API firebaseextensions.googleapis.com is enabled... 
[debug] [2026-04-12T21:20:06.883Z] Checked if tokens are valid: true, expires at: 1776031277227
[debug] [2026-04-12T21:20:06.883Z] Checked if tokens are valid: true, expires at: 1776031277227
[debug] [2026-04-12T21:20:06.883Z] >>> [apiv2][query] GET https://serviceusage.googleapis.com/v1/projects/samy-fidabel/services/firebaseextensions.googleapis.com [none]
[debug] [2026-04-12T21:20:06.883Z] >>> [apiv2][(partial)header] GET https://serviceusage.googleapis.com/v1/projects/samy-fidabel/services/firebaseextensions.googleapis.com  x-goog-user-project=samy-fidabel
[debug] [2026-04-12T21:20:07.890Z] <<< [apiv2][status] GET https://serviceusage.googleapis.com/v1/projects/samy-fidabel/services/firebaseextensions.googleapis.com 200
[debug] [2026-04-12T21:20:07.890Z] <<< [apiv2][body] GET https://serviceusage.googleapis.com/v1/projects/samy-fidabel/services/firebaseextensions.googleapis.com [omitted]
[warn] !  extensions: missing required API firebaseextensions.googleapis.com. Enabling now... 
[debug] [2026-04-12T21:20:07.891Z] Checked if tokens are valid: true, expires at: 1776031277227
[debug] [2026-04-12T21:20:07.891Z] Checked if tokens are valid: true, expires at: 1776031277227
[debug] [2026-04-12T21:20:07.891Z] >>> [apiv2][query] POST https://serviceusage.googleapis.com/v1/projects/samy-fidabel/services/firebaseextensions.googleapis.com:enable [none]
[debug] [2026-04-12T21:20:07.891Z] >>> [apiv2][(partial)header] POST https://serviceusage.googleapis.com/v1/projects/samy-fidabel/services/firebaseextensions.googleapis.com:enable  x-goog-user-project=samy-fidabel
[debug] [2026-04-12T21:20:09.122Z] <<< [apiv2][status] POST https://serviceusage.googleapis.com/v1/projects/samy-fidabel/services/firebaseextensions.googleapis.com:enable 200
[debug] [2026-04-12T21:20:09.123Z] <<< [apiv2][body] POST https://serviceusage.googleapis.com/v1/projects/samy-fidabel/services/firebaseextensions.googleapis.com:enable [omitted]
[debug] [2026-04-12T21:20:19.128Z] > command requires scopes: ["email","openid","https://www.googleapis.com/auth/cloudplatformprojects.readonly","https://www.googleapis.com/auth/firebase","https://www.googleapis.com/auth/cloud-platform"]
[debug] [2026-04-12T21:20:19.128Z] > authorizing via signed-in user (etigrafimprenta@gmail.com)
[debug] [2026-04-12T21:20:19.128Z] [iam] checking project samy-fidabel for permissions ["firebase.projects.get","firebaseextensions.instances.list"]
[debug] [2026-04-12T21:20:19.129Z] Checked if tokens are valid: true, expires at: 1776031277227
[debug] [2026-04-12T21:20:19.129Z] Checked if tokens are valid: true, expires at: 1776031277227
[debug] [2026-04-12T21:20:19.129Z] >>> [apiv2][query] POST https://cloudresourcemanager.googleapis.com/v1/projects/samy-fidabel:testIamPermissions [none]
[debug] [2026-04-12T21:20:19.129Z] >>> [apiv2][(partial)header] POST https://cloudresourcemanager.googleapis.com/v1/projects/samy-fidabel:testIamPermissions  x-goog-user-project=samy-fidabel
[debug] [2026-04-12T21:20:19.129Z] >>> [apiv2][body] POST https://cloudresourcemanager.googleapis.com/v1/projects/samy-fidabel:testIamPermissions {"permissions":["firebase.projects.get","firebaseextensions.instances.list"]}
[debug] [2026-04-12T21:20:20.018Z] <<< [apiv2][status] POST https://cloudresourcemanager.googleapis.com/v1/projects/samy-fidabel:testIamPermissions 200
[debug] [2026-04-12T21:20:20.018Z] <<< [apiv2][body] POST https://cloudresourcemanager.googleapis.com/v1/projects/samy-fidabel:testIamPermissions {"permissions":["firebase.projects.get","firebaseextensions.instances.list"]}
[debug] [2026-04-12T21:20:20.019Z] Checked if tokens are valid: true, expires at: 1776031277227
[debug] [2026-04-12T21:20:20.019Z] Checked if tokens are valid: true, expires at: 1776031277227
[debug] [2026-04-12T21:20:20.019Z] >>> [apiv2][query] GET https://firebaseextensions.googleapis.com/v1beta/projects/samy-fidabel/instances pageSize=100&pageToken=
[debug] [2026-04-12T21:20:24.902Z] <<< [apiv2][status] GET https://firebaseextensions.googleapis.com/v1beta/projects/samy-fidabel/instances 200
[debug] [2026-04-12T21:20:24.902Z] <<< [apiv2][body] GET https://firebaseextensions.googleapis.com/v1beta/projects/samy-fidabel/instances {}
[info] i  functions: preparing functions directory for uploading... 
[info] i  functions: packaged C:\Users\etigr\Downloads\samy-app\functions (73.14 KB) for uploading 
[debug] [2026-04-12T21:20:24.931Z] Checked if tokens are valid: true, expires at: 1776031277227
[debug] [2026-04-12T21:20:24.931Z] Checked if tokens are valid: true, expires at: 1776031277227
[debug] [2026-04-12T21:20:24.931Z] >>> [apiv2][query] GET https://cloudfunctions.googleapis.com/v1/projects/samy-fidabel/locations/-/functions [none]
[debug] [2026-04-12T21:20:25.987Z] <<< [apiv2][status] GET https://cloudfunctions.googleapis.com/v1/projects/samy-fidabel/locations/-/functions 200
[debug] [2026-04-12T21:20:25.987Z] <<< [apiv2][body] GET https://cloudfunctions.googleapis.com/v1/projects/samy-fidabel/locations/-/functions {}
[debug] [2026-04-12T21:20:25.988Z] Checked if tokens are valid: true, expires at: 1776031277227
[debug] [2026-04-12T21:20:25.988Z] Checked if tokens are valid: true, expires at: 1776031277227
[debug] [2026-04-12T21:20:25.988Z] >>> [apiv2][query] GET https://cloudfunctions.googleapis.com/v2/projects/samy-fidabel/locations/-/functions filter=environment%3D%22GEN_2%22
[debug] [2026-04-12T21:20:27.373Z] <<< [apiv2][status] GET https://cloudfunctions.googleapis.com/v2/projects/samy-fidabel/locations/-/functions 200
[debug] [2026-04-12T21:20:27.373Z] <<< [apiv2][body] GET https://cloudfunctions.googleapis.com/v2/projects/samy-fidabel/locations/-/functions {}
[info] i  functions: ensuring required API run.googleapis.com is enabled... 
[debug] [2026-04-12T21:20:27.375Z] Checked if tokens are valid: true, expires at: 1776031277227
[debug] [2026-04-12T21:20:27.375Z] Checked if tokens are valid: true, expires at: 1776031277227
[info] i  functions: ensuring required API eventarc.googleapis.com is enabled... 
[debug] [2026-04-12T21:20:27.376Z] Checked if tokens are valid: true, expires at: 1776031277227
[debug] [2026-04-12T21:20:27.376Z] Checked if tokens are valid: true, expires at: 1776031277227
[info] i  functions: ensuring required API pubsub.googleapis.com is enabled... 
[debug] [2026-04-12T21:20:27.376Z] Checked if tokens are valid: true, expires at: 1776031277227
[debug] [2026-04-12T21:20:27.376Z] Checked if tokens are valid: true, expires at: 1776031277227
[info] i  functions: ensuring required API storage.googleapis.com is enabled... 
[debug] [2026-04-12T21:20:27.377Z] Checked if tokens are valid: true, expires at: 1776031277227
[debug] [2026-04-12T21:20:27.377Z] Checked if tokens are valid: true, expires at: 1776031277227
[debug] [2026-04-12T21:20:27.377Z] >>> [apiv2][query] GET https://serviceusage.googleapis.com/v1/projects/184842107847/services/run.googleapis.com [none]
[debug] [2026-04-12T21:20:27.377Z] >>> [apiv2][(partial)header] GET https://serviceusage.googleapis.com/v1/projects/184842107847/services/run.googleapis.com  x-goog-user-project=184842107847
[debug] [2026-04-12T21:20:27.378Z] >>> [apiv2][query] GET https://serviceusage.googleapis.com/v1/projects/184842107847/services/eventarc.googleapis.com [none]
[debug] [2026-04-12T21:20:27.379Z] >>> [apiv2][(partial)header] GET https://serviceusage.googleapis.com/v1/projects/184842107847/services/eventarc.googleapis.com  x-goog-user-project=184842107847
[debug] [2026-04-12T21:20:27.380Z] >>> [apiv2][query] GET https://serviceusage.googleapis.com/v1/projects/184842107847/services/pubsub.googleapis.com [none]
[debug] [2026-04-12T21:20:27.380Z] >>> [apiv2][(partial)header] GET https://serviceusage.googleapis.com/v1/projects/184842107847/services/pubsub.googleapis.com  x-goog-user-project=184842107847
[debug] [2026-04-12T21:20:27.381Z] >>> [apiv2][query] GET https://serviceusage.googleapis.com/v1/projects/184842107847/services/storage.googleapis.com [none]
[debug] [2026-04-12T21:20:27.381Z] >>> [apiv2][(partial)header] GET https://serviceusage.googleapis.com/v1/projects/184842107847/services/storage.googleapis.com  x-goog-user-project=184842107847
[debug] [2026-04-12T21:20:28.417Z] <<< [apiv2][status] GET https://serviceusage.googleapis.com/v1/projects/184842107847/services/pubsub.googleapis.com 200
[debug] [2026-04-12T21:20:28.417Z] <<< [apiv2][body] GET https://serviceusage.googleapis.com/v1/projects/184842107847/services/pubsub.googleapis.com [omitted]
[info] +  functions: required API pubsub.googleapis.com is enabled 
[debug] [2026-04-12T21:20:28.426Z] <<< [apiv2][status] GET https://serviceusage.googleapis.com/v1/projects/184842107847/services/eventarc.googleapis.com 200
[debug] [2026-04-12T21:20:28.426Z] <<< [apiv2][body] GET https://serviceusage.googleapis.com/v1/projects/184842107847/services/eventarc.googleapis.com [omitted]
[warn] !  functions: missing required API eventarc.googleapis.com. Enabling now... 
[debug] [2026-04-12T21:20:28.426Z] Checked if tokens are valid: true, expires at: 1776031277227
[debug] [2026-04-12T21:20:28.426Z] Checked if tokens are valid: true, expires at: 1776031277227
[debug] [2026-04-12T21:20:28.426Z] >>> [apiv2][query] POST https://serviceusage.googleapis.com/v1/projects/184842107847/services/eventarc.googleapis.com:enable [none]
[debug] [2026-04-12T21:20:28.426Z] >>> [apiv2][(partial)header] POST https://serviceusage.googleapis.com/v1/projects/184842107847/services/eventarc.googleapis.com:enable  x-goog-user-project=184842107847
[debug] [2026-04-12T21:20:28.429Z] <<< [apiv2][status] GET https://serviceusage.googleapis.com/v1/projects/184842107847/services/storage.googleapis.com 200
[debug] [2026-04-12T21:20:28.430Z] <<< [apiv2][body] GET https://serviceusage.googleapis.com/v1/projects/184842107847/services/storage.googleapis.com [omitted]
[info] +  functions: required API storage.googleapis.com is enabled 
[debug] [2026-04-12T21:20:28.436Z] <<< [apiv2][status] GET https://serviceusage.googleapis.com/v1/projects/184842107847/services/run.googleapis.com 200
[debug] [2026-04-12T21:20:28.436Z] <<< [apiv2][body] GET https://serviceusage.googleapis.com/v1/projects/184842107847/services/run.googleapis.com [omitted]
[warn] !  functions: missing required API run.googleapis.com. Enabling now... 
[debug] [2026-04-12T21:20:28.436Z] Checked if tokens are valid: true, expires at: 1776031277227
[debug] [2026-04-12T21:20:28.436Z] Checked if tokens are valid: true, expires at: 1776031277227
[debug] [2026-04-12T21:20:28.436Z] >>> [apiv2][query] POST https://serviceusage.googleapis.com/v1/projects/184842107847/services/run.googleapis.com:enable [none]
[debug] [2026-04-12T21:20:28.436Z] >>> [apiv2][(partial)header] POST https://serviceusage.googleapis.com/v1/projects/184842107847/services/run.googleapis.com:enable  x-goog-user-project=184842107847
[debug] [2026-04-12T21:20:29.178Z] <<< [apiv2][status] POST https://serviceusage.googleapis.com/v1/projects/184842107847/services/run.googleapis.com:enable 200
[debug] [2026-04-12T21:20:29.178Z] <<< [apiv2][body] POST https://serviceusage.googleapis.com/v1/projects/184842107847/services/run.googleapis.com:enable [omitted]
[debug] [2026-04-12T21:20:29.736Z] <<< [apiv2][status] POST https://serviceusage.googleapis.com/v1/projects/184842107847/services/eventarc.googleapis.com:enable 200
[debug] [2026-04-12T21:20:29.736Z] <<< [apiv2][body] POST https://serviceusage.googleapis.com/v1/projects/184842107847/services/eventarc.googleapis.com:enable [omitted]
[info] i  functions: generating the service identity for pubsub.googleapis.com... 
[debug] [2026-04-12T21:20:39.748Z] Checked if tokens are valid: true, expires at: 1776031277227
[debug] [2026-04-12T21:20:39.748Z] Checked if tokens are valid: true, expires at: 1776031277227
[info] i  functions: generating the service identity for eventarc.googleapis.com... 
[debug] [2026-04-12T21:20:39.748Z] Checked if tokens are valid: true, expires at: 1776031277227
[debug] [2026-04-12T21:20:39.748Z] Checked if tokens are valid: true, expires at: 1776031277227
[debug] [2026-04-12T21:20:39.748Z] >>> [apiv2][query] POST https://serviceusage.googleapis.com/v1beta1/projects/184842107847/services/pubsub.googleapis.com:generateServiceIdentity [none]
[debug] [2026-04-12T21:20:39.748Z] >>> [apiv2][(partial)header] POST https://serviceusage.googleapis.com/v1beta1/projects/184842107847/services/pubsub.googleapis.com:generateServiceIdentity  x-goog-user-project=184842107847
[debug] [2026-04-12T21:20:39.748Z] >>> [apiv2][body] POST https://serviceusage.googleapis.com/v1beta1/projects/184842107847/services/pubsub.googleapis.com:generateServiceIdentity {}
[debug] [2026-04-12T21:20:39.750Z] >>> [apiv2][query] POST https://serviceusage.googleapis.com/v1beta1/projects/184842107847/services/eventarc.googleapis.com:generateServiceIdentity [none]
[debug] [2026-04-12T21:20:39.750Z] >>> [apiv2][(partial)header] POST https://serviceusage.googleapis.com/v1beta1/projects/184842107847/services/eventarc.googleapis.com:generateServiceIdentity  x-goog-user-project=184842107847
[debug] [2026-04-12T21:20:39.750Z] >>> [apiv2][body] POST https://serviceusage.googleapis.com/v1beta1/projects/184842107847/services/eventarc.googleapis.com:generateServiceIdentity {}
[debug] [2026-04-12T21:20:41.309Z] <<< [apiv2][status] POST https://serviceusage.googleapis.com/v1beta1/projects/184842107847/services/eventarc.googleapis.com:generateServiceIdentity 200
[debug] [2026-04-12T21:20:41.309Z] <<< [apiv2][body] POST https://serviceusage.googleapis.com/v1beta1/projects/184842107847/services/eventarc.googleapis.com:generateServiceIdentity {"name":"operations/finished.DONE_OPERATION","done":true,"response":{"@type":"type.googleapis.com/google.api.serviceusage.v1beta1.ServiceIdentity","email":"service-184842107847@gcp-sa-eventarc.iam.gserviceaccount.com","uniqueId":"118208420249503683830"}}
[debug] [2026-04-12T21:20:41.463Z] <<< [apiv2][status] POST https://serviceusage.googleapis.com/v1beta1/projects/184842107847/services/pubsub.googleapis.com:generateServiceIdentity 200
[debug] [2026-04-12T21:20:41.463Z] <<< [apiv2][body] POST https://serviceusage.googleapis.com/v1beta1/projects/184842107847/services/pubsub.googleapis.com:generateServiceIdentity {"name":"operations/finished.DONE_OPERATION","done":true,"response":{"@type":"type.googleapis.com/google.api.serviceusage.v1beta1.ServiceIdentity","email":"service-184842107847@gcp-sa-pubsub.iam.gserviceaccount.com","uniqueId":"107061107080641593278"}}
[debug] [2026-04-12T21:20:41.465Z] Checked if tokens are valid: true, expires at: 1776031277227
[debug] [2026-04-12T21:20:41.465Z] Checked if tokens are valid: true, expires at: 1776031277227
[debug] [2026-04-12T21:20:41.465Z] >>> [apiv2][query] GET https://cloudresourcemanager.googleapis.com/v1/projects/samy-fidabel [none]
[debug] [2026-04-12T21:20:42.350Z] <<< [apiv2][status] GET https://cloudresourcemanager.googleapis.com/v1/projects/samy-fidabel 200
[debug] [2026-04-12T21:20:42.351Z] <<< [apiv2][body] GET https://cloudresourcemanager.googleapis.com/v1/projects/samy-fidabel {"projectNumber":"184842107847","projectId":"samy-fidabel","lifecycleState":"ACTIVE","name":"samy-fidabel","labels":{"firebase":"enabled","firebase-core":"disabled"},"createTime":"2026-04-11T01:47:01.455Z"}
[debug] [2026-04-12T21:20:42.351Z] Checked if tokens are valid: true, expires at: 1776031277227
[debug] [2026-04-12T21:20:42.351Z] Checked if tokens are valid: true, expires at: 1776031277227
[debug] [2026-04-12T21:20:42.351Z] >>> [apiv2][query] GET https://compute.googleapis.com/compute/v1/projects/184842107847 [none]
[debug] [2026-04-12T21:20:42.742Z] <<< [apiv2][status] GET https://compute.googleapis.com/compute/v1/projects/184842107847 403
[debug] [2026-04-12T21:20:42.742Z] <<< [apiv2][body] GET https://compute.googleapis.com/compute/v1/projects/184842107847 {"error":{"code":403,"message":"Compute Engine API has not been used in project 184842107847 before or it is disabled. Enable it by visiting https://console.developers.google.com/apis/api/compute.googleapis.com/overview?project=184842107847 then retry. If you enabled this API recently, wait a few minutes for the action to propagate to our systems and retry.","errors":[{"message":"Compute Engine API has not been used in project 184842107847 before or it is disabled. Enable it by visiting https://console.developers.google.com/apis/api/compute.googleapis.com/overview?project=184842107847 then retry. If you enabled this API recently, wait a few minutes for the action to propagate to our systems and retry.","domain":"usageLimits","reason":"accessNotConfigured","extendedHelp":"https://console.developers.google.com"}],"status":"PERMISSION_DENIED","details":[{"@type":"type.googleapis.com/google.rpc.ErrorInfo","reason":"SERVICE_DISABLED","domain":"googleapis.com","metadata":{"service":"compute.googleapis.com","consumer":"projects/184842107847","serviceTitle":"Compute Engine API","activationUrl":"https://console.developers.google.com/apis/api/compute.googleapis.com/overview?project=184842107847","containerInfo":"184842107847"}},{"@type":"type.googleapis.com/google.rpc.LocalizedMessage","locale":"en-US","message":"Compute Engine API has not been used in project 184842107847 before or it is disabled. Enable it by visiting https://console.developers.google.com/apis/api/compute.googleapis.com/overview?project=184842107847 then retry. If you enabled this API recently, wait a few minutes for the action to propagate to our systems and retry."},{"@type":"type.googleapis.com/google.rpc.Help","links":[{"description":"Google developers console API activation","url":"https://console.developers.google.com/apis/api/compute.googleapis.com/overview?project=184842107847"}]}]}}
[debug] [2026-04-12T21:20:42.743Z] unable to look up default compute service account. Falling back to 184842107847-compute@developer.gserviceaccount.com. Error: {"name":"FirebaseError","children":[],"context":{"body":{"error":{"code":403,"message":"Compute Engine API has not been used in project 184842107847 before or it is disabled. Enable it by visiting https://console.developers.google.com/apis/api/compute.googleapis.com/overview?project=184842107847 then retry. If you enabled this API recently, wait a few minutes for the action to propagate to our systems and retry.","errors":[{"message":"Compute Engine API has not been used in project 184842107847 before or it is disabled. Enable it by visiting https://console.developers.google.com/apis/api/compute.googleapis.com/overview?project=184842107847 then retry. If you enabled this API recently, wait a few minutes for the action to propagate to our systems and retry.","domain":"usageLimits","reason":"accessNotConfigured","extendedHelp":"https://console.developers.google.com"}],"status":"PERMISSION_DENIED","details":[{"@type":"type.googleapis.com/google.rpc.ErrorInfo","reason":"SERVICE_DISABLED","domain":"googleapis.com","metadata":{"service":"compute.googleapis.com","consumer":"projects/184842107847","serviceTitle":"Compute Engine API","activationUrl":"https://console.developers.google.com/apis/api/compute.googleapis.com/overview?project=184842107847","containerInfo":"184842107847"}},{"@type":"type.googleapis.com/google.rpc.LocalizedMessage","locale":"en-US","message":"Compute Engine API has not been used in project 184842107847 before or it is disabled. Enable it by visiting https://console.developers.google.com/apis/api/compute.googleapis.com/overview?project=184842107847 then retry. If you enabled this API recently, wait a few minutes for the action to propagate to our systems and retry."},{"@type":"type.googleapis.com/google.rpc.Help","links":[{"description":"Google developers console API activation","url":"https://console.developers.google.com/apis/api/compute.googleapis.com/overview?project=184842107847"}]}]}},"response":{"statusCode":403}},"exit":1,"message":"Request to https://compute.googleapis.com/compute/v1/projects/184842107847 had HTTP Error: 403, Compute Engine API has not been used in project 184842107847 before or it is disabled. Enable it by visiting https://console.developers.google.com/apis/api/compute.googleapis.com/overview?project=184842107847 then retry. If you enabled this API recently, wait a few minutes for the action to propagate to our systems and retry.","status":403}
[debug] [2026-04-12T21:20:42.744Z] Checked if tokens are valid: true, expires at: 1776031277227
[debug] [2026-04-12T21:20:42.744Z] Checked if tokens are valid: true, expires at: 1776031277227
[debug] [2026-04-12T21:20:42.744Z] >>> [apiv2][query] GET https://cloudbilling.googleapis.com/v1/projects/samy-fidabel/billingInfo [none]
[debug] [2026-04-12T21:20:44.001Z] <<< [apiv2][status] GET https://cloudbilling.googleapis.com/v1/projects/samy-fidabel/billingInfo 200
[debug] [2026-04-12T21:20:44.001Z] <<< [apiv2][body] GET https://cloudbilling.googleapis.com/v1/projects/samy-fidabel/billingInfo {"name":"projects/samy-fidabel/billingInfo","projectId":"samy-fidabel","billingAccountName":"billingAccounts/0174CD-3351E0-94CD11","billingEnabled":true}
[debug] [2026-04-12T21:20:44.002Z] Checked if tokens are valid: true, expires at: 1776031277227
[debug] [2026-04-12T21:20:44.003Z] Checked if tokens are valid: true, expires at: 1776031277227
[debug] [2026-04-12T21:20:44.003Z] >>> [apiv2][query] POST https://cloudfunctions.googleapis.com/v2/projects/samy-fidabel/locations/us-central1/functions:generateUploadUrl [none]
[debug] [2026-04-12T21:20:46.348Z] <<< [apiv2][status] POST https://cloudfunctions.googleapis.com/v2/projects/samy-fidabel/locations/us-central1/functions:generateUploadUrl 200
[debug] [2026-04-12T21:20:46.348Z] <<< [apiv2][body] POST https://cloudfunctions.googleapis.com/v2/projects/samy-fidabel/locations/us-central1/functions:generateUploadUrl {"uploadUrl":"https://storage.googleapis.com/gcf-v2-uploads-184842107847.us-central1.cloudfunctions.appspot.com/d348ab10-7dc8-4727-8a9e-4557caf63690.zip?GoogleAccessId=service-184842107847@gcf-admin-robot.iam.gserviceaccount.com&Expires=1776030647&Signature=WjgURoyfx2n7%2FyIUolT%2B0S%2B1BceER2XdWwtPZKFLHx9LJBTibPDH7W9nxV2CjiAEQQ8mofTEfmqGPTin2ZceCq8icijSSxy0JAPebiH%2BBsXVpjb%2BXFFDRxiTENS4ufhZYDCF4atd%2FKXKh955fWmN6gZ%2FSlajEp5fk82sJXMxHzfgFBZv4T659G3LIcxMsleWSBAj8x4Fqf9VPJQ4q8%2BKP5d%2BalwAawWAf%2FhRi6S5rjJMCbB3OTuuOPM%2Bte8EeF5agiisM9RIgzYD0m6AcQKnnJsn9NGRR%2BlNO22HS5wUuLXKZBvSAatkcSrhMyZMAc6uYhnZFzstrkT1mn43WWhIcQ%3D%3D","storageSource":{"bucket":"gcf-v2-uploads-184842107847.us-central1.cloudfunctions.appspot.com","object":"d348ab10-7dc8-4727-8a9e-4557caf63690.zip"}}
[debug] [2026-04-12T21:20:46.349Z] >>> [apiv2][query] PUT https://storage.googleapis.com/gcf-v2-uploads-184842107847.us-central1.cloudfunctions.appspot.com/d348ab10-7dc8-4727-8a9e-4557caf63690.zip GoogleAccessId=service-184842107847%40gcf-admin-robot.iam.gserviceaccount.com&Expires=1776030647&Signature=WjgURoyfx2n7%2FyIUolT%2B0S%2B1BceER2XdWwtPZKFLHx9LJBTibPDH7W9nxV2CjiAEQQ8mofTEfmqGPTin2ZceCq8icijSSxy0JAPebiH%2BBsXVpjb%2BXFFDRxiTENS4ufhZYDCF4atd%2FKXKh955fWmN6gZ%2FSlajEp5fk82sJXMxHzfgFBZv4T659G3LIcxMsleWSBAj8x4Fqf9VPJQ4q8%2BKP5d%2BalwAawWAf%2FhRi6S5rjJMCbB3OTuuOPM%2Bte8EeF5agiisM9RIgzYD0m6AcQKnnJsn9NGRR%2BlNO22HS5wUuLXKZBvSAatkcSrhMyZMAc6uYhnZFzstrkT1mn43WWhIcQ%3D%3D
[debug] [2026-04-12T21:20:46.349Z] >>> [apiv2][body] PUT https://storage.googleapis.com/gcf-v2-uploads-184842107847.us-central1.cloudfunctions.appspot.com/d348ab10-7dc8-4727-8a9e-4557caf63690.zip [stream]
[debug] [2026-04-12T21:20:48.313Z] <<< [apiv2][status] PUT https://storage.googleapis.com/gcf-v2-uploads-184842107847.us-central1.cloudfunctions.appspot.com/d348ab10-7dc8-4727-8a9e-4557caf63690.zip 200
[debug] [2026-04-12T21:20:48.313Z] <<< [apiv2][body] PUT https://storage.googleapis.com/gcf-v2-uploads-184842107847.us-central1.cloudfunctions.appspot.com/d348ab10-7dc8-4727-8a9e-4557caf63690.zip [omitted]
[info] +  functions: functions source uploaded successfully 
[info] i  functions: creating Node.js 24 (2nd Gen) function crearNuevoUsuario(us-central1)... 
[debug] [2026-04-12T21:20:48.317Z] Checked if tokens are valid: true, expires at: 1776031277227
[debug] [2026-04-12T21:20:48.317Z] Checked if tokens are valid: true, expires at: 1776031277227
[debug] [2026-04-12T21:20:48.317Z] >>> [apiv2][query] POST https://cloudfunctions.googleapis.com/v2/projects/samy-fidabel/locations/us-central1/functions functionId=crearNuevoUsuario
[debug] [2026-04-12T21:20:48.317Z] >>> [apiv2][body] POST https://cloudfunctions.googleapis.com/v2/projects/samy-fidabel/locations/us-central1/functions {"name":"projects/samy-fidabel/locations/us-central1/functions/crearNuevoUsuario","buildConfig":{"runtime":"nodejs24","entryPoint":"crearNuevoUsuario","source":{"storageSource":{"bucket":"gcf-v2-uploads-184842107847.us-central1.cloudfunctions.appspot.com","object":"d348ab10-7dc8-4727-8a9e-4557caf63690.zip"}},"environmentVariables":{"GOOGLE_NODE_RUN_SCRIPTS":""}},"serviceConfig":{"environmentVariables":{"FIREBASE_CONFIG":"{\"projectId\":\"samy-fidabel\",\"storageBucket\":\"samy-fidabel.firebasestorage.app\"}","GCLOUD_PROJECT":"samy-fidabel","EVENTARC_CLOUD_EVENT_SOURCE":"projects/samy-fidabel/locations/us-central1/services/crearNuevoUsuario","FUNCTION_TARGET":"crearNuevoUsuario","LOG_EXECUTION_ID":"true"},"ingressSettings":null,"timeoutSeconds":null,"serviceAccountEmail":null,"availableMemory":"256Mi","minInstanceCount":null,"maxInstanceCount":null,"maxInstanceRequestConcurrency":80,"availableCpu":"1","vpcConnector":null,"vpcConnectorEgressSettings":null,"directVpcNetworkInterface":null,"directVpcEgress":null},"labels":{"deployment-tool":"cli-firebase","deployment-callable":"true","firebase-functions-hash":"c64cbc6c75242df7feb2156ff3fdde386121ce31"}}
[debug] [2026-04-12T21:20:50.215Z] <<< [apiv2][status] POST https://cloudfunctions.googleapis.com/v2/projects/samy-fidabel/locations/us-central1/functions 200
[debug] [2026-04-12T21:20:50.215Z] <<< [apiv2][body] POST https://cloudfunctions.googleapis.com/v2/projects/samy-fidabel/locations/us-central1/functions {"name":"projects/samy-fidabel/locations/us-central1/operations/operation-1776028850668-64f49f0c1459e-7ea10688-caf276b6","metadata":{"@type":"type.googleapis.com/google.cloud.functions.v2.OperationMetadata","createTime":"2026-04-12T21:20:51.620099656Z","target":"projects/samy-fidabel/locations/us-central1/functions/crearNuevoUsuario","verb":"create","cancelRequested":false,"apiVersion":"v2"},"done":false}
[debug] [2026-04-12T21:20:50.216Z] Checked if tokens are valid: true, expires at: 1776031277227
[debug] [2026-04-12T21:20:50.216Z] Checked if tokens are valid: true, expires at: 1776031277227
[debug] [2026-04-12T21:20:50.216Z] >>> [apiv2][query] GET https://cloudfunctions.googleapis.com/v2/projects/samy-fidabel/locations/us-central1/operations/operation-1776028850668-64f49f0c1459e-7ea10688-caf276b6 [none]
[debug] [2026-04-12T21:20:51.278Z] <<< [apiv2][status] GET https://cloudfunctions.googleapis.com/v2/projects/samy-fidabel/locations/us-central1/operations/operation-1776028850668-64f49f0c1459e-7ea10688-caf276b6 200
[debug] [2026-04-12T21:20:51.278Z] <<< [apiv2][body] GET https://cloudfunctions.googleapis.com/v2/projects/samy-fidabel/locations/us-central1/operations/operation-1776028850668-64f49f0c1459e-7ea10688-caf276b6 {"name":"projects/samy-fidabel/locations/us-central1/operations/operation-1776028850668-64f49f0c1459e-7ea10688-caf276b6","metadata":{"@type":"type.googleapis.com/google.cloud.functions.v2.OperationMetadata","createTime":"2026-04-12T21:20:51.620099656Z","target":"projects/samy-fidabel/locations/us-central1/functions/crearNuevoUsuario","verb":"create","cancelRequested":false,"apiVersion":"v2","requestResource":{"@type":"type.googleapis.com/google.cloud.functions.v2.Function","name":"projects/samy-fidabel/locations/us-central1/functions/crearNuevoUsuario","buildConfig":{"runtime":"nodejs24","entryPoint":"crearNuevoUsuario","source":{"storageSource":{"bucket":"gcf-v2-sources-184842107847-us-central1","object":"crearNuevoUsuario/function-source.zip","generation":"1776028851349459"}},"environmentVariables":{"GOOGLE_NODE_RUN_SCRIPTS":""},"serviceAccount":"projects/samy-fidabel/serviceAccounts/184842107847-compute@developer.gserviceaccount.com","automaticUpdatePolicy":{}},"serviceConfig":{"service":"projects/samy-fidabel/locations/us-central1/services/crearnuevousuario","timeoutSeconds":60,"environmentVariables":{"FIREBASE_CONFIG":"{\"projectId\":\"samy-fidabel\",\"storageBucket\":\"samy-fidabel.firebasestorage.app\"}","GCLOUD_PROJECT":"samy-fidabel","EVENTARC_CLOUD_EVENT_SOURCE":"projects/samy-fidabel/locations/us-central1/services/crearNuevoUsuario","FUNCTION_TARGET":"crearNuevoUsuario","LOG_EXECUTION_ID":"true"},"ingressSettings":"ALLOW_ALL","serviceAccountEmail":"184842107847-compute@developer.gserviceaccount.com","availableMemory":"256Mi","maxInstanceRequestConcurrency":80,"availableCpu":"1"},"labels":{"deployment-tool":"cli-firebase","deployment-callable":"true","firebase-functions-hash":"c64cbc6c75242df7feb2156ff3fdde386121ce31"},"environment":"GEN_2"},"stages":[{"name":"BUILD","state":"NOT_STARTED"},{"name":"SERVICE","state":"NOT_STARTED"}],"operationType":"CREATE_FUNCTION"},"done":false}
[debug] [2026-04-12T21:20:51.781Z] [create-default-us-central1-crearNuevoUsuario] Retrying task index 0
[debug] [2026-04-12T21:20:51.781Z] Checked if tokens are valid: true, expires at: 1776031277227
[debug] [2026-04-12T21:20:51.781Z] Checked if tokens are valid: true, expires at: 1776031277227
[debug] [2026-04-12T21:20:51.781Z] >>> [apiv2][query] GET https://cloudfunctions.googleapis.com/v2/projects/samy-fidabel/locations/us-central1/operations/operation-1776028850668-64f49f0c1459e-7ea10688-caf276b6 [none]
[debug] [2026-04-12T21:20:52.720Z] <<< [apiv2][status] GET https://cloudfunctions.googleapis.com/v2/projects/samy-fidabel/locations/us-central1/operations/operation-1776028850668-64f49f0c1459e-7ea10688-caf276b6 200
[debug] [2026-04-12T21:20:52.720Z] <<< [apiv2][body] GET https://cloudfunctions.googleapis.com/v2/projects/samy-fidabel/locations/us-central1/operations/operation-1776028850668-64f49f0c1459e-7ea10688-caf276b6 {"name":"projects/samy-fidabel/locations/us-central1/operations/operation-1776028850668-64f49f0c1459e-7ea10688-caf276b6","metadata":{"@type":"type.googleapis.com/google.cloud.functions.v2.OperationMetadata","createTime":"2026-04-12T21:20:51.620099656Z","target":"projects/samy-fidabel/locations/us-central1/functions/crearNuevoUsuario","verb":"create","cancelRequested":false,"apiVersion":"v2","requestResource":{"@type":"type.googleapis.com/google.cloud.functions.v2.Function","name":"projects/samy-fidabel/locations/us-central1/functions/crearNuevoUsuario","buildConfig":{"runtime":"nodejs24","entryPoint":"crearNuevoUsuario","source":{"storageSource":{"bucket":"gcf-v2-sources-184842107847-us-central1","object":"crearNuevoUsuario/function-source.zip","generation":"1776028851349459"}},"environmentVariables":{"GOOGLE_NODE_RUN_SCRIPTS":""},"serviceAccount":"projects/samy-fidabel/serviceAccounts/184842107847-compute@developer.gserviceaccount.com","automaticUpdatePolicy":{}},"serviceConfig":{"service":"projects/samy-fidabel/locations/us-central1/services/crearnuevousuario","timeoutSeconds":60,"environmentVariables":{"FIREBASE_CONFIG":"{\"projectId\":\"samy-fidabel\",\"storageBucket\":\"samy-fidabel.firebasestorage.app\"}","GCLOUD_PROJECT":"samy-fidabel","EVENTARC_CLOUD_EVENT_SOURCE":"projects/samy-fidabel/locations/us-central1/services/crearNuevoUsuario","FUNCTION_TARGET":"crearNuevoUsuario","LOG_EXECUTION_ID":"true"},"ingressSettings":"ALLOW_ALL","serviceAccountEmail":"184842107847-compute@developer.gserviceaccount.com","availableMemory":"256Mi","maxInstanceRequestConcurrency":80,"availableCpu":"1"},"labels":{"deployment-tool":"cli-firebase","deployment-callable":"true","firebase-functions-hash":"c64cbc6c75242df7feb2156ff3fdde386121ce31"},"environment":"GEN_2"},"stages":[{"name":"BUILD","state":"NOT_STARTED"},{"name":"SERVICE","state":"NOT_STARTED"}],"operationType":"CREATE_FUNCTION"},"done":false}
[debug] [2026-04-12T21:20:53.725Z] [create-default-us-central1-crearNuevoUsuario] Retrying task index 0
[debug] [2026-04-12T21:20:53.725Z] Checked if tokens are valid: true, expires at: 1776031277227
[debug] [2026-04-12T21:20:53.725Z] Checked if tokens are valid: true, expires at: 1776031277227
[debug] [2026-04-12T21:20:53.726Z] >>> [apiv2][query] GET https://cloudfunctions.googleapis.com/v2/projects/samy-fidabel/locations/us-central1/operations/operation-1776028850668-64f49f0c1459e-7ea10688-caf276b6 [none]
[debug] [2026-04-12T21:20:54.725Z] <<< [apiv2][status] GET https://cloudfunctions.googleapis.com/v2/projects/samy-fidabel/locations/us-central1/operations/operation-1776028850668-64f49f0c1459e-7ea10688-caf276b6 200
[debug] [2026-04-12T21:20:54.725Z] <<< [apiv2][body] GET https://cloudfunctions.googleapis.com/v2/projects/samy-fidabel/locations/us-central1/operations/operation-1776028850668-64f49f0c1459e-7ea10688-caf276b6 {"name":"projects/samy-fidabel/locations/us-central1/operations/operation-1776028850668-64f49f0c1459e-7ea10688-caf276b6","metadata":{"@type":"type.googleapis.com/google.cloud.functions.v2.OperationMetadata","createTime":"2026-04-12T21:20:51.620099656Z","target":"projects/samy-fidabel/locations/us-central1/functions/crearNuevoUsuario","verb":"create","cancelRequested":false,"apiVersion":"v2","requestResource":{"@type":"type.googleapis.com/google.cloud.functions.v2.Function","name":"projects/samy-fidabel/locations/us-central1/functions/crearNuevoUsuario","buildConfig":{"runtime":"nodejs24","entryPoint":"crearNuevoUsuario","source":{"storageSource":{"bucket":"gcf-v2-sources-184842107847-us-central1","object":"crearNuevoUsuario/function-source.zip","generation":"1776028851349459"}},"environmentVariables":{"GOOGLE_NODE_RUN_SCRIPTS":""},"serviceAccount":"projects/samy-fidabel/serviceAccounts/184842107847-compute@developer.gserviceaccount.com","automaticUpdatePolicy":{}},"serviceConfig":{"service":"projects/samy-fidabel/locations/us-central1/services/crearnuevousuario","timeoutSeconds":60,"environmentVariables":{"FIREBASE_CONFIG":"{\"projectId\":\"samy-fidabel\",\"storageBucket\":\"samy-fidabel.firebasestorage.app\"}","GCLOUD_PROJECT":"samy-fidabel","EVENTARC_CLOUD_EVENT_SOURCE":"projects/samy-fidabel/locations/us-central1/services/crearNuevoUsuario","FUNCTION_TARGET":"crearNuevoUsuario","LOG_EXECUTION_ID":"true"},"ingressSettings":"ALLOW_ALL","serviceAccountEmail":"184842107847-compute@developer.gserviceaccount.com","availableMemory":"256Mi","maxInstanceRequestConcurrency":80,"availableCpu":"1"},"labels":{"deployment-tool":"cli-firebase","deployment-callable":"true","firebase-functions-hash":"c64cbc6c75242df7feb2156ff3fdde386121ce31"},"environment":"GEN_2"},"stages":[{"name":"BUILD","state":"NOT_STARTED"},{"name":"SERVICE","state":"NOT_STARTED"}],"operationType":"CREATE_FUNCTION"},"done":false}
[debug] [2026-04-12T21:20:56.732Z] [create-default-us-central1-crearNuevoUsuario] Retrying task index 0
[debug] [2026-04-12T21:20:56.732Z] Checked if tokens are valid: true, expires at: 1776031277227
[debug] [2026-04-12T21:20:56.732Z] Checked if tokens are valid: true, expires at: 1776031277227
[debug] [2026-04-12T21:20:56.732Z] >>> [apiv2][query] GET https://cloudfunctions.googleapis.com/v2/projects/samy-fidabel/locations/us-central1/operations/operation-1776028850668-64f49f0c1459e-7ea10688-caf276b6 [none]
[debug] [2026-04-12T21:20:56.974Z] <<< [apiv2][status] GET https://cloudfunctions.googleapis.com/v2/projects/samy-fidabel/locations/us-central1/operations/operation-1776028850668-64f49f0c1459e-7ea10688-caf276b6 200
[debug] [2026-04-12T21:20:56.974Z] <<< [apiv2][body] GET https://cloudfunctions.googleapis.com/v2/projects/samy-fidabel/locations/us-central1/operations/operation-1776028850668-64f49f0c1459e-7ea10688-caf276b6 {"name":"projects/samy-fidabel/locations/us-central1/operations/operation-1776028850668-64f49f0c1459e-7ea10688-caf276b6","metadata":{"@type":"type.googleapis.com/google.cloud.functions.v2.OperationMetadata","createTime":"2026-04-12T21:20:51.620099656Z","target":"projects/samy-fidabel/locations/us-central1/functions/crearNuevoUsuario","verb":"create","cancelRequested":false,"apiVersion":"v2","requestResource":{"@type":"type.googleapis.com/google.cloud.functions.v2.Function","name":"projects/samy-fidabel/locations/us-central1/functions/crearNuevoUsuario","buildConfig":{"runtime":"nodejs24","entryPoint":"crearNuevoUsuario","source":{"storageSource":{"bucket":"gcf-v2-sources-184842107847-us-central1","object":"crearNuevoUsuario/function-source.zip","generation":"1776028851349459"}},"environmentVariables":{"GOOGLE_NODE_RUN_SCRIPTS":""},"serviceAccount":"projects/samy-fidabel/serviceAccounts/184842107847-compute@developer.gserviceaccount.com","automaticUpdatePolicy":{}},"serviceConfig":{"service":"projects/samy-fidabel/locations/us-central1/services/crearnuevousuario","timeoutSeconds":60,"environmentVariables":{"FIREBASE_CONFIG":"{\"projectId\":\"samy-fidabel\",\"storageBucket\":\"samy-fidabel.firebasestorage.app\"}","GCLOUD_PROJECT":"samy-fidabel","EVENTARC_CLOUD_EVENT_SOURCE":"projects/samy-fidabel/locations/us-central1/services/crearNuevoUsuario","FUNCTION_TARGET":"crearNuevoUsuario","LOG_EXECUTION_ID":"true"},"ingressSettings":"ALLOW_ALL","serviceAccountEmail":"184842107847-compute@developer.gserviceaccount.com","availableMemory":"256Mi","maxInstanceRequestConcurrency":80,"availableCpu":"1"},"labels":{"deployment-tool":"cli-firebase","deployment-callable":"true","firebase-functions-hash":"c64cbc6c75242df7feb2156ff3fdde386121ce31"},"environment":"GEN_2"},"stages":[{"name":"BUILD","state":"NOT_STARTED"},{"name":"SERVICE","state":"NOT_STARTED"}],"operationType":"CREATE_FUNCTION"},"done":false}
[debug] [2026-04-12T21:21:00.975Z] [create-default-us-central1-crearNuevoUsuario] Retrying task index 0
[debug] [2026-04-12T21:21:00.976Z] Checked if tokens are valid: true, expires at: 1776031277227
[debug] [2026-04-12T21:21:00.976Z] Checked if tokens are valid: true, expires at: 1776031277227
[debug] [2026-04-12T21:21:00.976Z] >>> [apiv2][query] GET https://cloudfunctions.googleapis.com/v2/projects/samy-fidabel/locations/us-central1/operations/operation-1776028850668-64f49f0c1459e-7ea10688-caf276b6 [none]
[debug] [2026-04-12T21:21:01.215Z] <<< [apiv2][status] GET https://cloudfunctions.googleapis.com/v2/projects/samy-fidabel/locations/us-central1/operations/operation-1776028850668-64f49f0c1459e-7ea10688-caf276b6 200
[debug] [2026-04-12T21:21:01.215Z] <<< [apiv2][body] GET https://cloudfunctions.googleapis.com/v2/projects/samy-fidabel/locations/us-central1/operations/operation-1776028850668-64f49f0c1459e-7ea10688-caf276b6 {"name":"projects/samy-fidabel/locations/us-central1/operations/operation-1776028850668-64f49f0c1459e-7ea10688-caf276b6","metadata":{"@type":"type.googleapis.com/google.cloud.functions.v2.OperationMetadata","createTime":"2026-04-12T21:20:51.620099656Z","target":"projects/samy-fidabel/locations/us-central1/functions/crearNuevoUsuario","verb":"create","cancelRequested":false,"apiVersion":"v2","requestResource":{"@type":"type.googleapis.com/google.cloud.functions.v2.Function","name":"projects/samy-fidabel/locations/us-central1/functions/crearNuevoUsuario","buildConfig":{"runtime":"nodejs24","entryPoint":"crearNuevoUsuario","source":{"storageSource":{"bucket":"gcf-v2-sources-184842107847-us-central1","object":"crearNuevoUsuario/function-source.zip","generation":"1776028851349459"}},"environmentVariables":{"GOOGLE_NODE_RUN_SCRIPTS":""},"serviceAccount":"projects/samy-fidabel/serviceAccounts/184842107847-compute@developer.gserviceaccount.com","automaticUpdatePolicy":{}},"serviceConfig":{"service":"projects/samy-fidabel/locations/us-central1/services/crearnuevousuario","timeoutSeconds":60,"environmentVariables":{"FIREBASE_CONFIG":"{\"projectId\":\"samy-fidabel\",\"storageBucket\":\"samy-fidabel.firebasestorage.app\"}","GCLOUD_PROJECT":"samy-fidabel","EVENTARC_CLOUD_EVENT_SOURCE":"projects/samy-fidabel/locations/us-central1/services/crearNuevoUsuario","FUNCTION_TARGET":"crearNuevoUsuario","LOG_EXECUTION_ID":"true"},"ingressSettings":"ALLOW_ALL","serviceAccountEmail":"184842107847-compute@developer.gserviceaccount.com","availableMemory":"256Mi","maxInstanceRequestConcurrency":80,"availableCpu":"1"},"labels":{"deployment-tool":"cli-firebase","deployment-callable":"true","firebase-functions-hash":"c64cbc6c75242df7feb2156ff3fdde386121ce31"},"environment":"GEN_2"},"stages":[{"name":"BUILD","message":"Build in progress","state":"IN_PROGRESS","resource":"projects/184842107847/locations/us-central1/builds/d8862d65-4d2b-403e-b96a-ded1b1fe473e","resourceUri":"https://console.cloud.google.com/cloud-build/builds;region=us-central1/d8862d65-4d2b-403e-b96a-ded1b1fe473e?project=184842107847"},{"name":"SERVICE","state":"NOT_STARTED"}],"operationType":"CREATE_FUNCTION","buildName":"projects/184842107847/locations/us-central1/builds/d8862d65-4d2b-403e-b96a-ded1b1fe473e"},"done":false}
[debug] [2026-04-12T21:21:09.219Z] [create-default-us-central1-crearNuevoUsuario] Retrying task index 0
[debug] [2026-04-12T21:21:09.220Z] Checked if tokens are valid: true, expires at: 1776031277227
[debug] [2026-04-12T21:21:09.220Z] Checked if tokens are valid: true, expires at: 1776031277227
[debug] [2026-04-12T21:21:09.220Z] >>> [apiv2][query] GET https://cloudfunctions.googleapis.com/v2/projects/samy-fidabel/locations/us-central1/operations/operation-1776028850668-64f49f0c1459e-7ea10688-caf276b6 [none]
[debug] [2026-04-12T21:21:10.229Z] <<< [apiv2][status] GET https://cloudfunctions.googleapis.com/v2/projects/samy-fidabel/locations/us-central1/operations/operation-1776028850668-64f49f0c1459e-7ea10688-caf276b6 200
[debug] [2026-04-12T21:21:10.229Z] <<< [apiv2][body] GET https://cloudfunctions.googleapis.com/v2/projects/samy-fidabel/locations/us-central1/operations/operation-1776028850668-64f49f0c1459e-7ea10688-caf276b6 {"name":"projects/samy-fidabel/locations/us-central1/operations/operation-1776028850668-64f49f0c1459e-7ea10688-caf276b6","metadata":{"@type":"type.googleapis.com/google.cloud.functions.v2.OperationMetadata","createTime":"2026-04-12T21:20:51.620099656Z","target":"projects/samy-fidabel/locations/us-central1/functions/crearNuevoUsuario","verb":"create","cancelRequested":false,"apiVersion":"v2","requestResource":{"@type":"type.googleapis.com/google.cloud.functions.v2.Function","name":"projects/samy-fidabel/locations/us-central1/functions/crearNuevoUsuario","buildConfig":{"runtime":"nodejs24","entryPoint":"crearNuevoUsuario","source":{"storageSource":{"bucket":"gcf-v2-sources-184842107847-us-central1","object":"crearNuevoUsuario/function-source.zip","generation":"1776028851349459"}},"environmentVariables":{"GOOGLE_NODE_RUN_SCRIPTS":""},"serviceAccount":"projects/samy-fidabel/serviceAccounts/184842107847-compute@developer.gserviceaccount.com","automaticUpdatePolicy":{}},"serviceConfig":{"service":"projects/samy-fidabel/locations/us-central1/services/crearnuevousuario","timeoutSeconds":60,"environmentVariables":{"FIREBASE_CONFIG":"{\"projectId\":\"samy-fidabel\",\"storageBucket\":\"samy-fidabel.firebasestorage.app\"}","GCLOUD_PROJECT":"samy-fidabel","EVENTARC_CLOUD_EVENT_SOURCE":"projects/samy-fidabel/locations/us-central1/services/crearNuevoUsuario","FUNCTION_TARGET":"crearNuevoUsuario","LOG_EXECUTION_ID":"true"},"ingressSettings":"ALLOW_ALL","serviceAccountEmail":"184842107847-compute@developer.gserviceaccount.com","availableMemory":"256Mi","maxInstanceRequestConcurrency":80,"availableCpu":"1"},"labels":{"deployment-tool":"cli-firebase","deployment-callable":"true","firebase-functions-hash":"c64cbc6c75242df7feb2156ff3fdde386121ce31"},"environment":"GEN_2"},"stages":[{"name":"BUILD","message":"Build in progress","state":"IN_PROGRESS","resource":"projects/184842107847/locations/us-central1/builds/d8862d65-4d2b-403e-b96a-ded1b1fe473e","resourceUri":"https://console.cloud.google.com/cloud-build/builds;region=us-central1/d8862d65-4d2b-403e-b96a-ded1b1fe473e?project=184842107847"},{"name":"SERVICE","state":"NOT_STARTED"}],"operationType":"CREATE_FUNCTION","buildName":"projects/184842107847/locations/us-central1/builds/d8862d65-4d2b-403e-b96a-ded1b1fe473e"},"done":false}
[debug] [2026-04-12T21:21:20.233Z] [create-default-us-central1-crearNuevoUsuario] Retrying task index 0
[debug] [2026-04-12T21:21:20.233Z] Checked if tokens are valid: true, expires at: 1776031277227
[debug] [2026-04-12T21:21:20.233Z] Checked if tokens are valid: true, expires at: 1776031277227
[debug] [2026-04-12T21:21:20.234Z] >>> [apiv2][query] GET https://cloudfunctions.googleapis.com/v2/projects/samy-fidabel/locations/us-central1/operations/operation-1776028850668-64f49f0c1459e-7ea10688-caf276b6 [none]
[debug] [2026-04-12T21:21:21.216Z] <<< [apiv2][status] GET https://cloudfunctions.googleapis.com/v2/projects/samy-fidabel/locations/us-central1/operations/operation-1776028850668-64f49f0c1459e-7ea10688-caf276b6 200
[debug] [2026-04-12T21:21:21.216Z] <<< [apiv2][body] GET https://cloudfunctions.googleapis.com/v2/projects/samy-fidabel/locations/us-central1/operations/operation-1776028850668-64f49f0c1459e-7ea10688-caf276b6 {"name":"projects/samy-fidabel/locations/us-central1/operations/operation-1776028850668-64f49f0c1459e-7ea10688-caf276b6","metadata":{"@type":"type.googleapis.com/google.cloud.functions.v2.OperationMetadata","createTime":"2026-04-12T21:20:51.620099656Z","target":"projects/samy-fidabel/locations/us-central1/functions/crearNuevoUsuario","verb":"create","cancelRequested":false,"apiVersion":"v2","requestResource":{"@type":"type.googleapis.com/google.cloud.functions.v2.Function","name":"projects/samy-fidabel/locations/us-central1/functions/crearNuevoUsuario","buildConfig":{"runtime":"nodejs24","entryPoint":"crearNuevoUsuario","source":{"storageSource":{"bucket":"gcf-v2-sources-184842107847-us-central1","object":"crearNuevoUsuario/function-source.zip","generation":"1776028851349459"}},"environmentVariables":{"GOOGLE_NODE_RUN_SCRIPTS":""},"serviceAccount":"projects/samy-fidabel/serviceAccounts/184842107847-compute@developer.gserviceaccount.com","automaticUpdatePolicy":{}},"serviceConfig":{"service":"projects/samy-fidabel/locations/us-central1/services/crearnuevousuario","timeoutSeconds":60,"environmentVariables":{"FIREBASE_CONFIG":"{\"projectId\":\"samy-fidabel\",\"storageBucket\":\"samy-fidabel.firebasestorage.app\"}","GCLOUD_PROJECT":"samy-fidabel","EVENTARC_CLOUD_EVENT_SOURCE":"projects/samy-fidabel/locations/us-central1/services/crearNuevoUsuario","FUNCTION_TARGET":"crearNuevoUsuario","LOG_EXECUTION_ID":"true"},"ingressSettings":"ALLOW_ALL","serviceAccountEmail":"184842107847-compute@developer.gserviceaccount.com","availableMemory":"256Mi","maxInstanceRequestConcurrency":80,"availableCpu":"1"},"labels":{"deployment-tool":"cli-firebase","deployment-callable":"true","firebase-functions-hash":"c64cbc6c75242df7feb2156ff3fdde386121ce31"},"environment":"GEN_2"},"stages":[{"name":"BUILD","message":"Build in progress","state":"IN_PROGRESS","resource":"projects/184842107847/locations/us-central1/builds/d8862d65-4d2b-403e-b96a-ded1b1fe473e","resourceUri":"https://console.cloud.google.com/cloud-build/builds;region=us-central1/d8862d65-4d2b-403e-b96a-ded1b1fe473e?project=184842107847"},{"name":"SERVICE","state":"NOT_STARTED"}],"operationType":"CREATE_FUNCTION","buildName":"projects/184842107847/locations/us-central1/builds/d8862d65-4d2b-403e-b96a-ded1b1fe473e"},"done":false}
[debug] [2026-04-12T21:21:31.219Z] [create-default-us-central1-crearNuevoUsuario] Retrying task index 0
[debug] [2026-04-12T21:21:31.219Z] Checked if tokens are valid: true, expires at: 1776031277227
[debug] [2026-04-12T21:21:31.219Z] Checked if tokens are valid: true, expires at: 1776031277227
[debug] [2026-04-12T21:21:31.220Z] >>> [apiv2][query] GET https://cloudfunctions.googleapis.com/v2/projects/samy-fidabel/locations/us-central1/operations/operation-1776028850668-64f49f0c1459e-7ea10688-caf276b6 [none]
[debug] [2026-04-12T21:21:32.225Z] <<< [apiv2][status] GET https://cloudfunctions.googleapis.com/v2/projects/samy-fidabel/locations/us-central1/operations/operation-1776028850668-64f49f0c1459e-7ea10688-caf276b6 200
[debug] [2026-04-12T21:21:32.225Z] <<< [apiv2][body] GET https://cloudfunctions.googleapis.com/v2/projects/samy-fidabel/locations/us-central1/operations/operation-1776028850668-64f49f0c1459e-7ea10688-caf276b6 {"name":"projects/samy-fidabel/locations/us-central1/operations/operation-1776028850668-64f49f0c1459e-7ea10688-caf276b6","metadata":{"@type":"type.googleapis.com/google.cloud.functions.v2.OperationMetadata","createTime":"2026-04-12T21:20:51.620099656Z","endTime":"2026-04-12T21:21:30.331875867Z","target":"projects/samy-fidabel/locations/us-central1/functions/crearNuevoUsuario","verb":"create","cancelRequested":false,"apiVersion":"v2","requestResource":{"@type":"type.googleapis.com/google.cloud.functions.v2.Function","name":"projects/samy-fidabel/locations/us-central1/functions/crearNuevoUsuario","buildConfig":{"runtime":"nodejs24","entryPoint":"crearNuevoUsuario","source":{"storageSource":{"bucket":"gcf-v2-sources-184842107847-us-central1","object":"crearNuevoUsuario/function-source.zip","generation":"1776028851349459"}},"environmentVariables":{"GOOGLE_NODE_RUN_SCRIPTS":""},"serviceAccount":"projects/samy-fidabel/serviceAccounts/184842107847-compute@developer.gserviceaccount.com","automaticUpdatePolicy":{}},"serviceConfig":{"service":"projects/samy-fidabel/locations/us-central1/services/crearnuevousuario","timeoutSeconds":60,"environmentVariables":{"FIREBASE_CONFIG":"{\"projectId\":\"samy-fidabel\",\"storageBucket\":\"samy-fidabel.firebasestorage.app\"}","GCLOUD_PROJECT":"samy-fidabel","EVENTARC_CLOUD_EVENT_SOURCE":"projects/samy-fidabel/locations/us-central1/services/crearNuevoUsuario","FUNCTION_TARGET":"crearNuevoUsuario","LOG_EXECUTION_ID":"true"},"ingressSettings":"ALLOW_ALL","serviceAccountEmail":"184842107847-compute@developer.gserviceaccount.com","availableMemory":"256Mi","maxInstanceRequestConcurrency":80,"availableCpu":"1"},"labels":{"deployment-tool":"cli-firebase","deployment-callable":"true","firebase-functions-hash":"c64cbc6c75242df7feb2156ff3fdde386121ce31"},"environment":"GEN_2"},"stages":[{"name":"ARTIFACT_REGISTRY","message":"Deleting function artifacts in Artifact Registry","state":"COMPLETE"},{"name":"SERVICE","message":"Deleting Cloud Run service","state":"COMPLETE","resource":"projects/samy-fidabel/locations/us-central1/services/crearnuevousuario"}],"operationType":"CREATE_FUNCTION"},"done":true,"error":{"code":3,"message":"Build failed with status: FAILURE. Could not build the function due to a missing permission on the build service account. If you didn't revoke that permission explicitly, this could be caused by a change in the organization policies. Please refer to the following documentation for more details and resolution: https://cloud.google.com/functions/docs/troubleshooting#build-service-account\n You can also view the logs at https://console.cloud.google.com/cloud-build/builds;region=us-central1/d8862d65-4d2b-403e-b96a-ded1b1fe473e?project=184842107847.\n"}}
[debug] [2026-04-12T21:21:32.225Z] Got source token undefined for region us-central1
[error] Build failed with status: FAILURE. Could not build the function due to a missing permission on the build service account. If you didn't revoke that permission explicitly, this could be caused by a change in the organization policies. Please refer to the following documentation for more details and resolution: https://cloud.google.com/functions/docs/troubleshooting#build-service-account
 You can also view the logs at https://console.cloud.google.com/cloud-build/builds;region=us-central1/d8862d65-4d2b-403e-b96a-ded1b1fe473e?project=184842107847.

[debug] [2026-04-12T21:21:32.227Z] Total Function Deployment time: 43911
[debug] [2026-04-12T21:21:32.227Z] 1 Functions Deployed
[debug] [2026-04-12T21:21:32.227Z] 1 Functions Errored
[debug] [2026-04-12T21:21:32.227Z] 0 Function Deployments Aborted
[debug] [2026-04-12T21:21:32.227Z] Average Function Deployment time: 43910
[info] 
[info] Functions deploy had errors with the following functions:
	crearNuevoUsuario(us-central1)
[debug] [2026-04-12T21:21:32.243Z] Checked if tokens are valid: true, expires at: 1776031277227
[debug] [2026-04-12T21:21:32.243Z] Checked if tokens are valid: true, expires at: 1776031277227
[debug] [2026-04-12T21:21:32.243Z] >>> [apiv2][query] GET https://artifactregistry.googleapis.com/v1/projects/samy-fidabel/locations/us-central1/repositories/gcf-artifacts [none]
[debug] [2026-04-12T21:21:33.325Z] <<< [apiv2][status] GET https://artifactregistry.googleapis.com/v1/projects/samy-fidabel/locations/us-central1/repositories/gcf-artifacts 200
[debug] [2026-04-12T21:21:33.325Z] <<< [apiv2][body] GET https://artifactregistry.googleapis.com/v1/projects/samy-fidabel/locations/us-central1/repositories/gcf-artifacts {"name":"projects/samy-fidabel/locations/us-central1/repositories/gcf-artifacts","format":"DOCKER","description":"This repository is created and used by Cloud Functions for storing function docker images.","labels":{"goog-managed-by":"cloudfunctions"},"createTime":"2026-04-12T21:21:00.151299Z","updateTime":"2026-04-12T21:21:00.151299Z","mode":"STANDARD_REPOSITORY","vulnerabilityScanningConfig":{"lastEnableTime":"2026-04-12T21:20:51.828069412Z","enablementState":"SCANNING_DISABLED","enablementStateReason":"API containerscanning.googleapis.com is not enabled."},"satisfiesPzi":true,"registryUri":"us-central1-docker.pkg.dev/samy-fidabel/gcf-artifacts"}
[warn] !  functions: No cleanup policy detected for repositories in us-central1. This may result in a small monthly bill as container images accumulate over time. 
